---------------------------------------------------------------
[ 2019-01-20T09:51:24+08:00 ] 127.0.0.1 OPTIONS www.api.com/admin/Login/index
[运行时间：0.315018s] [吞吐率：3.17req/s] [内存消耗：1,532.38kb] [文件加载：41]
[ info ] [ LANG ] D:\phpStudy\PHPTutorial\WWW\ApiAdmin\thinkphp\lang\zh-cn.php
[ info ] [ ROUTE ] array (
  'type' => 'module',
  'module' => 
  array (
    0 => 'admin',
    1 => 'Miss',
    2 => 'index',
  ),
  'convert' => false,
)
[ info ] [ HEADER ] array (
  'accept-language' => 'zh-CN,zh;q=0.9',
  'accept-encoding' => 'gzip, deflate',
  'referer' => 'http://localhost:8080/',
  'accept' => '*/*',
  'access-control-request-headers' => 'apiauth,content-type',
  'user-agent' => 'Mozilla/5.0 (Windows NT 6.1; WOW64) AppleWebKit/537.36 (KHTML, like Gecko) Chrome/71.0.3578.98 Safari/537.36',
  'origin' => 'http://localhost:8080',
  'access-control-request-method' => 'POST',
  'connection' => 'close',
  'host' => 'www.api.com',
)
[ info ] [ PARAM ] array (
  '/admin/Login/index' => '',
  'admin' => 'Login',
)
[ info ] [ RUN ] app\admin\controller\Miss->index[ D:\phpStudy\PHPTutorial\WWW\ApiAdmin\application\admin\controller\Miss.php ]
[ info ] [ BEHAVIOR ] Run app\admin\behavior\BuildResponse @response_send [ RunTime:0.000000s ]
[ info ] [ LOG ] INIT File
---------------------------------------------------------------
[ 2019-01-20T09:51:25+08:00 ] 127.0.0.1 POST www.api.com/admin/Login/index
[运行时间：0.709040s] [吞吐率：1.41req/s] [内存消耗：2,820.73kb] [文件加载：56]
[ info ] [ LANG ] D:\phpStudy\PHPTutorial\WWW\ApiAdmin\thinkphp\lang\zh-cn.php
[ info ] [ ROUTE ] array (
  'type' => 'module',
  'module' => 
  array (
    0 => 'admin',
    1 => 'Login',
    2 => 'index',
  ),
  'convert' => false,
)
[ info ] [ HEADER ] array (
  'accept-language' => 'zh-CN,zh;q=0.9',
  'accept-encoding' => 'gzip, deflate',
  'referer' => 'http://localhost:8080/',
  'content-type' => 'application/json;charset=UTF-8',
  'user-agent' => 'Mozilla/5.0 (Windows NT 6.1; WOW64) AppleWebKit/537.36 (KHTML, like Gecko) Chrome/71.0.3578.98 Safari/537.36',
  'origin' => 'http://localhost:8080',
  'accept' => 'application/json, text/plain, */*',
  'apiauth' => 'null',
  'content-length' => '39',
  'connection' => 'close',
  'host' => 'www.api.com',
)
[ info ] [ PARAM ] array (
  '/admin/Login/index' => '',
  'username' => 'root',
  'password' => '123456',
)
[ info ] [ CACHE ] INIT Redis
[ info ] [ RUN ] app\admin\controller\Login->index[ D:\phpStudy\PHPTutorial\WWW\ApiAdmin\application\admin\controller\Login.php ]
[ info ] [ DB ] INIT mysql
[ info ] [ BEHAVIOR ] Run app\admin\behavior\BuildResponse @response_send [ RunTime:0.001000s ]
[ info ] [ LOG ] INIT File
[ sql ] [ DB ] CONNECT:[ UseTime:0.038002s ] mysql:host=127.0.0.1;dbname=apiadmin;charset=utf8
[ sql ] [ SQL ] SHOW COLUMNS FROM `admin_user` [ RunTime:0.115006s ]
[ sql ] [ SQL ] SELECT * FROM `admin_user` WHERE  `username` = 'root'  AND `password` = '912601e4ad1b308c9ae41877cf6ca754' LIMIT 1 [ RunTime:0.000000s ]
[ sql ] [ SQL ] SHOW COLUMNS FROM `admin_user_data` [ RunTime:0.123008s ]
[ sql ] [ SQL ] SELECT * FROM `admin_user_data` WHERE  `uid` = '1' LIMIT 1 [ RunTime:0.000000s ]
[ sql ] [ SQL ] UPDATE `admin_user_data`  SET `loginTimes`=29,`lastLoginTime`=1547949085  WHERE  `id` = 1 [ RunTime:0.011000s ]
[ sql ] [ SQL ] SHOW COLUMNS FROM `admin_menu` [ RunTime:0.074005s ]
[ sql ] [ SQL ] SELECT * FROM `admin_menu` WHERE  `hide` = 0 [ RunTime:0.000000s ]
---------------------------------------------------------------
[ 2019-01-20T09:51:32+08:00 ] 127.0.0.1 OPTIONS www.api.com/admin/App/index?page=1&size=10&type=&keywords=&status=
[运行时间：0.043002s] [吞吐率：23.25req/s] [内存消耗：1,532.41kb] [文件加载：41]
[ info ] [ LANG ] D:\phpStudy\PHPTutorial\WWW\ApiAdmin\thinkphp\lang\zh-cn.php
[ info ] [ ROUTE ] array (
  'type' => 'module',
  'module' => 
  array (
    0 => 'admin',
    1 => 'Miss',
    2 => 'index',
  ),
  'convert' => false,
)
[ info ] [ HEADER ] array (
  'accept-language' => 'zh-CN,zh;q=0.9',
  'accept-encoding' => 'gzip, deflate',
  'referer' => 'http://localhost:8080/',
  'accept' => '*/*',
  'access-control-request-headers' => 'apiauth',
  'user-agent' => 'Mozilla/5.0 (Windows NT 6.1; WOW64) AppleWebKit/537.36 (KHTML, like Gecko) Chrome/71.0.3578.98 Safari/537.36',
  'origin' => 'http://localhost:8080',
  'access-control-request-method' => 'GET',
  'connection' => 'close',
  'host' => 'www.api.com',
)
[ info ] [ PARAM ] array (
  '/admin/App/index' => '',
  'page' => '1',
  'size' => '10',
  'type' => '',
  'keywords' => '',
  'status' => '',
  'admin' => 'App',
)
[ info ] [ RUN ] app\admin\controller\Miss->index[ D:\phpStudy\PHPTutorial\WWW\ApiAdmin\application\admin\controller\Miss.php ]
[ info ] [ BEHAVIOR ] Run app\admin\behavior\BuildResponse @response_send [ RunTime:0.001000s ]
[ info ] [ LOG ] INIT File
---------------------------------------------------------------
[ 2019-01-20T09:51:33+08:00 ] 127.0.0.1 GET www.api.com/admin/App/index?page=1&size=10&type=&keywords=&status=
[运行时间：0.381022s] [吞吐率：2.62req/s] [内存消耗：2,923.26kb] [文件加载：63]
[ info ] [ LANG ] D:\phpStudy\PHPTutorial\WWW\ApiAdmin\thinkphp\lang\zh-cn.php
[ info ] [ CACHE ] INIT Redis
[ info ] [ BEHAVIOR ] Run \app\admin\behavior\ApiAuth @ [ RunTime:0.022002s ]
[ info ] [ BEHAVIOR ] Run \app\admin\behavior\ApiPermission @ [ RunTime:0.011000s ]
[ info ] [ DB ] INIT mysql
[ info ] [ BEHAVIOR ] Run \app\admin\behavior\AdminLog @ [ RunTime:0.184011s ]
[ info ] [ ROUTE ] array (
  'type' => 'module',
  'module' => 
  array (
    0 => 'admin',
    1 => 'App',
    2 => 'index',
  ),
  'convert' => false,
)
[ info ] [ HEADER ] array (
  'accept-language' => 'zh-CN,zh;q=0.9',
  'accept-encoding' => 'gzip, deflate',
  'referer' => 'http://localhost:8080/',
  'user-agent' => 'Mozilla/5.0 (Windows NT 6.1; WOW64) AppleWebKit/537.36 (KHTML, like Gecko) Chrome/71.0.3578.98 Safari/537.36',
  'origin' => 'http://localhost:8080',
  'accept' => 'application/json, text/plain, */*',
  'apiauth' => '71c077b112ecc0122afbcb45046f1d6d',
  'connection' => 'close',
  'host' => 'www.api.com',
)
[ info ] [ PARAM ] array (
  '/admin/App/index' => '',
  'page' => '1',
  'size' => '10',
  'type' => '',
  'keywords' => '',
  'status' => '',
)
[ info ] [ RUN ] app\admin\controller\App->index[ D:\phpStudy\PHPTutorial\WWW\ApiAdmin\application\admin\controller\App.php ]
[ info ] [ BEHAVIOR ] Run app\admin\behavior\BuildResponse @response_send [ RunTime:0.000000s ]
[ info ] [ LOG ] INIT File
[ sql ] [ DB ] CONNECT:[ UseTime:0.000000s ] mysql:host=127.0.0.1;dbname=apiadmin;charset=utf8
[ sql ] [ SQL ] SHOW COLUMNS FROM `admin_menu` [ RunTime:0.028002s ]
[ sql ] [ SQL ] SELECT * FROM `admin_menu` WHERE  `url` = 'admin/App/index' LIMIT 1 [ RunTime:0.000000s ]
[ sql ] [ SQL ] SHOW COLUMNS FROM `admin_user_action` [ RunTime:0.112007s ]
[ sql ] [ SQL ] INSERT INTO `admin_user_action` (`actionName` , `uid` , `nickname` , `addTime` , `url` , `data`) VALUES ('应用列表' , 1 , 'root' , 1547949092 , 'admin/App/index' , '{\"\\/admin\\/App\\/index\":\"\",\"page\":\"1\",\"size\":\"10\",\"type\":\"\",\"keywords\":\"\",\"status\":\"\"}') [ RunTime:0.024001s ]
[ sql ] [ SQL ] SHOW COLUMNS FROM `admin_app` [ RunTime:0.065004s ]
[ sql ] [ SQL ] SELECT COUNT(*) AS tp_count FROM `admin_app` LIMIT 1 [ RunTime:0.001000s ]
[ sql ] [ SQL ] SELECT * FROM `admin_app` ORDER BY `app_addTime` DESC LIMIT 0,10 [ RunTime:0.000000s ]
---------------------------------------------------------------
[ 2019-01-20T09:51:33+08:00 ] 127.0.0.1 OPTIONS www.api.com/admin/AppGroup/index?page=1&size=10&type=&keywords=&status=
[运行时间：0.040003s] [吞吐率：25.00req/s] [内存消耗：1,532.42kb] [文件加载：41]
[ info ] [ LANG ] D:\phpStudy\PHPTutorial\WWW\ApiAdmin\thinkphp\lang\zh-cn.php
[ info ] [ ROUTE ] array (
  'type' => 'module',
  'module' => 
  array (
    0 => 'admin',
    1 => 'Miss',
    2 => 'index',
  ),
  'convert' => false,
)
[ info ] [ HEADER ] array (
  'accept-language' => 'zh-CN,zh;q=0.9',
  'accept-encoding' => 'gzip, deflate',
  'referer' => 'http://localhost:8080/',
  'accept' => '*/*',
  'access-control-request-headers' => 'apiauth',
  'user-agent' => 'Mozilla/5.0 (Windows NT 6.1; WOW64) AppleWebKit/537.36 (KHTML, like Gecko) Chrome/71.0.3578.98 Safari/537.36',
  'origin' => 'http://localhost:8080',
  'access-control-request-method' => 'GET',
  'connection' => 'close',
  'host' => 'www.api.com',
)
[ info ] [ PARAM ] array (
  '/admin/AppGroup/index' => '',
  'page' => '1',
  'size' => '10',
  'type' => '',
  'keywords' => '',
  'status' => '',
  'admin' => 'AppGroup',
)
[ info ] [ RUN ] app\admin\controller\Miss->index[ D:\phpStudy\PHPTutorial\WWW\ApiAdmin\application\admin\controller\Miss.php ]
[ info ] [ BEHAVIOR ] Run app\admin\behavior\BuildResponse @response_send [ RunTime:0.001000s ]
[ info ] [ LOG ] INIT File
---------------------------------------------------------------
[ 2019-01-20T09:51:34+08:00 ] 127.0.0.1 GET www.api.com/admin/AppGroup/index?page=1&size=10&type=&keywords=&status=
[运行时间：0.210012s] [吞吐率：4.76req/s] [内存消耗：2,910.48kb] [文件加载：63]
[ info ] [ LANG ] D:\phpStudy\PHPTutorial\WWW\ApiAdmin\thinkphp\lang\zh-cn.php
[ info ] [ CACHE ] INIT Redis
[ info ] [ BEHAVIOR ] Run \app\admin\behavior\ApiAuth @ [ RunTime:0.012001s ]
[ info ] [ BEHAVIOR ] Run \app\admin\behavior\ApiPermission @ [ RunTime:0.002000s ]
[ info ] [ DB ] INIT mysql
[ info ] [ BEHAVIOR ] Run \app\admin\behavior\AdminLog @ [ RunTime:0.085005s ]
[ info ] [ ROUTE ] array (
  'type' => 'module',
  'module' => 
  array (
    0 => 'admin',
    1 => 'AppGroup',
    2 => 'index',
  ),
  'convert' => false,
)
[ info ] [ HEADER ] array (
  'accept-language' => 'zh-CN,zh;q=0.9',
  'accept-encoding' => 'gzip, deflate',
  'referer' => 'http://localhost:8080/',
  'user-agent' => 'Mozilla/5.0 (Windows NT 6.1; WOW64) AppleWebKit/537.36 (KHTML, like Gecko) Chrome/71.0.3578.98 Safari/537.36',
  'origin' => 'http://localhost:8080',
  'accept' => 'application/json, text/plain, */*',
  'apiauth' => '71c077b112ecc0122afbcb45046f1d6d',
  'connection' => 'close',
  'host' => 'www.api.com',
)
[ info ] [ PARAM ] array (
  '/admin/AppGroup/index' => '',
  'page' => '1',
  'size' => '10',
  'type' => '',
  'keywords' => '',
  'status' => '',
)
[ info ] [ RUN ] app\admin\controller\AppGroup->index[ D:\phpStudy\PHPTutorial\WWW\ApiAdmin\application\admin\controller\AppGroup.php ]
[ info ] [ BEHAVIOR ] Run app\admin\behavior\BuildResponse @response_send [ RunTime:0.000000s ]
[ info ] [ LOG ] INIT File
[ sql ] [ DB ] CONNECT:[ UseTime:0.001000s ] mysql:host=127.0.0.1;dbname=apiadmin;charset=utf8
[ sql ] [ SQL ] SHOW COLUMNS FROM `admin_menu` [ RunTime:0.027001s ]
[ sql ] [ SQL ] SELECT * FROM `admin_menu` WHERE  `url` = 'admin/AppGroup/index' LIMIT 1 [ RunTime:0.000000s ]
[ sql ] [ SQL ] SHOW COLUMNS FROM `admin_user_action` [ RunTime:0.028002s ]
[ sql ] [ SQL ] INSERT INTO `admin_user_action` (`actionName` , `uid` , `nickname` , `addTime` , `url` , `data`) VALUES ('应用分组列表' , 1 , 'root' , 1547949094 , 'admin/AppGroup/index' , '{\"\\/admin\\/AppGroup\\/index\":\"\",\"page\":\"1\",\"size\":\"10\",\"type\":\"\",\"keywords\":\"\",\"status\":\"\"}') [ RunTime:0.015001s ]
[ sql ] [ SQL ] SHOW COLUMNS FROM `admin_app_group` [ RunTime:0.058004s ]
[ sql ] [ SQL ] SELECT COUNT(*) AS tp_count FROM `admin_app_group` LIMIT 1 [ RunTime:0.001000s ]
[ sql ] [ SQL ] SELECT * FROM `admin_app_group` LIMIT 0,10 [ RunTime:0.000000s ]
---------------------------------------------------------------
[ 2019-01-20T09:51:35+08:00 ] 127.0.0.1 GET www.api.com/admin/App/index?page=1&size=10&type=&keywords=&status=
[运行时间：0.181010s] [吞吐率：5.52req/s] [内存消耗：2,923.26kb] [文件加载：63]
[ info ] [ LANG ] D:\phpStudy\PHPTutorial\WWW\ApiAdmin\thinkphp\lang\zh-cn.php
[ info ] [ CACHE ] INIT Redis
[ info ] [ BEHAVIOR ] Run \app\admin\behavior\ApiAuth @ [ RunTime:0.004001s ]
[ info ] [ BEHAVIOR ] Run \app\admin\behavior\ApiPermission @ [ RunTime:0.001000s ]
[ info ] [ DB ] INIT mysql
[ info ] [ BEHAVIOR ] Run \app\admin\behavior\AdminLog @ [ RunTime:0.099005s ]
[ info ] [ ROUTE ] array (
  'type' => 'module',
  'module' => 
  array (
    0 => 'admin',
    1 => 'App',
    2 => 'index',
  ),
  'convert' => false,
)
[ info ] [ HEADER ] array (
  'accept-language' => 'zh-CN,zh;q=0.9',
  'accept-encoding' => 'gzip, deflate',
  'referer' => 'http://localhost:8080/',
  'user-agent' => 'Mozilla/5.0 (Windows NT 6.1; WOW64) AppleWebKit/537.36 (KHTML, like Gecko) Chrome/71.0.3578.98 Safari/537.36',
  'origin' => 'http://localhost:8080',
  'accept' => 'application/json, text/plain, */*',
  'apiauth' => '71c077b112ecc0122afbcb45046f1d6d',
  'connection' => 'close',
  'host' => 'www.api.com',
)
[ info ] [ PARAM ] array (
  '/admin/App/index' => '',
  'page' => '1',
  'size' => '10',
  'type' => '',
  'keywords' => '',
  'status' => '',
)
[ info ] [ RUN ] app\admin\controller\App->index[ D:\phpStudy\PHPTutorial\WWW\ApiAdmin\application\admin\controller\App.php ]
[ info ] [ BEHAVIOR ] Run app\admin\behavior\BuildResponse @response_send [ RunTime:0.001000s ]
[ info ] [ LOG ] INIT File
[ sql ] [ DB ] CONNECT:[ UseTime:0.001000s ] mysql:host=127.0.0.1;dbname=apiadmin;charset=utf8
[ sql ] [ SQL ] SHOW COLUMNS FROM `admin_menu` [ RunTime:0.027002s ]
[ sql ] [ SQL ] SELECT * FROM `admin_menu` WHERE  `url` = 'admin/App/index' LIMIT 1 [ RunTime:0.001000s ]
[ sql ] [ SQL ] SHOW COLUMNS FROM `admin_user_action` [ RunTime:0.027002s ]
[ sql ] [ SQL ] INSERT INTO `admin_user_action` (`actionName` , `uid` , `nickname` , `addTime` , `url` , `data`) VALUES ('应用列表' , 1 , 'root' , 1547949095 , 'admin/App/index' , '{\"\\/admin\\/App\\/index\":\"\",\"page\":\"1\",\"size\":\"10\",\"type\":\"\",\"keywords\":\"\",\"status\":\"\"}') [ RunTime:0.028001s ]
[ sql ] [ SQL ] SHOW COLUMNS FROM `admin_app` [ RunTime:0.028002s ]
[ sql ] [ SQL ] SELECT COUNT(*) AS tp_count FROM `admin_app` LIMIT 1 [ RunTime:0.001000s ]
[ sql ] [ SQL ] SELECT * FROM `admin_app` ORDER BY `app_addTime` DESC LIMIT 0,10 [ RunTime:0.001000s ]
---------------------------------------------------------------
[ 2019-01-20T09:51:36+08:00 ] 127.0.0.1 OPTIONS www.api.com/admin/InterfaceList/index?page=1&size=10&type=&keywords=&status=
[运行时间：0.038002s] [吞吐率：26.31req/s] [内存消耗：1,532.49kb] [文件加载：41]
[ info ] [ LANG ] D:\phpStudy\PHPTutorial\WWW\ApiAdmin\thinkphp\lang\zh-cn.php
[ info ] [ ROUTE ] array (
  'type' => 'module',
  'module' => 
  array (
    0 => 'admin',
    1 => 'Miss',
    2 => 'index',
  ),
  'convert' => false,
)
[ info ] [ HEADER ] array (
  'accept-language' => 'zh-CN,zh;q=0.9',
  'accept-encoding' => 'gzip, deflate',
  'referer' => 'http://localhost:8080/',
  'accept' => '*/*',
  'access-control-request-headers' => 'apiauth',
  'user-agent' => 'Mozilla/5.0 (Windows NT 6.1; WOW64) AppleWebKit/537.36 (KHTML, like Gecko) Chrome/71.0.3578.98 Safari/537.36',
  'origin' => 'http://localhost:8080',
  'access-control-request-method' => 'GET',
  'connection' => 'close',
  'host' => 'www.api.com',
)
[ info ] [ PARAM ] array (
  '/admin/InterfaceList/index' => '',
  'page' => '1',
  'size' => '10',
  'type' => '',
  'keywords' => '',
  'status' => '',
  'admin' => 'InterfaceList',
)
[ info ] [ RUN ] app\admin\controller\Miss->index[ D:\phpStudy\PHPTutorial\WWW\ApiAdmin\application\admin\controller\Miss.php ]
[ info ] [ BEHAVIOR ] Run app\admin\behavior\BuildResponse @response_send [ RunTime:0.001000s ]
[ info ] [ LOG ] INIT File
---------------------------------------------------------------
[ 2019-01-20T09:51:37+08:00 ] 127.0.0.1 GET www.api.com/admin/InterfaceList/index?page=1&size=10&type=&keywords=&status=
[运行时间：0.252015s] [吞吐率：3.97req/s] [内存消耗：2,928.38kb] [文件加载：63]
[ info ] [ LANG ] D:\phpStudy\PHPTutorial\WWW\ApiAdmin\thinkphp\lang\zh-cn.php
[ info ] [ CACHE ] INIT Redis
[ info ] [ BEHAVIOR ] Run \app\admin\behavior\ApiAuth @ [ RunTime:0.013000s ]
[ info ] [ BEHAVIOR ] Run \app\admin\behavior\ApiPermission @ [ RunTime:0.002001s ]
[ info ] [ DB ] INIT mysql
[ info ] [ BEHAVIOR ] Run \app\admin\behavior\AdminLog @ [ RunTime:0.084004s ]
[ info ] [ ROUTE ] array (
  'type' => 'module',
  'module' => 
  array (
    0 => 'admin',
    1 => 'InterfaceList',
    2 => 'index',
  ),
  'convert' => false,
)
[ info ] [ HEADER ] array (
  'accept-language' => 'zh-CN,zh;q=0.9',
  'accept-encoding' => 'gzip, deflate',
  'referer' => 'http://localhost:8080/',
  'user-agent' => 'Mozilla/5.0 (Windows NT 6.1; WOW64) AppleWebKit/537.36 (KHTML, like Gecko) Chrome/71.0.3578.98 Safari/537.36',
  'origin' => 'http://localhost:8080',
  'accept' => 'application/json, text/plain, */*',
  'apiauth' => '71c077b112ecc0122afbcb45046f1d6d',
  'connection' => 'close',
  'host' => 'www.api.com',
)
[ info ] [ PARAM ] array (
  '/admin/InterfaceList/index' => '',
  'page' => '1',
  'size' => '10',
  'type' => '',
  'keywords' => '',
  'status' => '',
)
[ info ] [ RUN ] app\admin\controller\InterfaceList->index[ D:\phpStudy\PHPTutorial\WWW\ApiAdmin\application\admin\controller\InterfaceList.php ]
[ info ] [ BEHAVIOR ] Run app\admin\behavior\BuildResponse @response_send [ RunTime:0.001000s ]
[ info ] [ LOG ] INIT File
[ sql ] [ DB ] CONNECT:[ UseTime:0.001000s ] mysql:host=127.0.0.1;dbname=apiadmin;charset=utf8
[ sql ] [ SQL ] SHOW COLUMNS FROM `admin_menu` [ RunTime:0.028002s ]
[ sql ] [ SQL ] SELECT * FROM `admin_menu` WHERE  `url` = 'admin/InterfaceList/index' LIMIT 1 [ RunTime:0.001000s ]
[ sql ] [ SQL ] SHOW COLUMNS FROM `admin_user_action` [ RunTime:0.027002s ]
[ sql ] [ SQL ] INSERT INTO `admin_user_action` (`actionName` , `uid` , `nickname` , `addTime` , `url` , `data`) VALUES ('接口列表' , 1 , 'root' , 1547949097 , 'admin/InterfaceList/index' , '{\"\\/admin\\/InterfaceList\\/index\":\"\",\"page\":\"1\",\"size\":\"10\",\"type\":\"\",\"keywords\":\"\",\"status\":\"\"}') [ RunTime:0.014000s ]
[ sql ] [ SQL ] SHOW COLUMNS FROM `admin_list` [ RunTime:0.091005s ]
[ sql ] [ SQL ] SELECT COUNT(*) AS tp_count FROM `admin_list` LIMIT 1 [ RunTime:0.001000s ]
[ sql ] [ SQL ] SELECT * FROM `admin_list` ORDER BY `id` DESC LIMIT 0,10 [ RunTime:0.001000s ]
---------------------------------------------------------------
[ 2019-01-20T09:51:37+08:00 ] 127.0.0.1 OPTIONS www.api.com/admin/InterfaceGroup/index?page=1&size=10&type=&keywords=&status=
[运行时间：0.039002s] [吞吐率：25.64req/s] [内存消耗：1,532.49kb] [文件加载：41]
[ info ] [ LANG ] D:\phpStudy\PHPTutorial\WWW\ApiAdmin\thinkphp\lang\zh-cn.php
[ info ] [ ROUTE ] array (
  'type' => 'module',
  'module' => 
  array (
    0 => 'admin',
    1 => 'Miss',
    2 => 'index',
  ),
  'convert' => false,
)
[ info ] [ HEADER ] array (
  'accept-language' => 'zh-CN,zh;q=0.9',
  'accept-encoding' => 'gzip, deflate',
  'referer' => 'http://localhost:8080/',
  'accept' => '*/*',
  'access-control-request-headers' => 'apiauth',
  'user-agent' => 'Mozilla/5.0 (Windows NT 6.1; WOW64) AppleWebKit/537.36 (KHTML, like Gecko) Chrome/71.0.3578.98 Safari/537.36',
  'origin' => 'http://localhost:8080',
  'access-control-request-method' => 'GET',
  'connection' => 'close',
  'host' => 'www.api.com',
)
[ info ] [ PARAM ] array (
  '/admin/InterfaceGroup/index' => '',
  'page' => '1',
  'size' => '10',
  'type' => '',
  'keywords' => '',
  'status' => '',
  'admin' => 'InterfaceGroup',
)
[ info ] [ RUN ] app\admin\controller\Miss->index[ D:\phpStudy\PHPTutorial\WWW\ApiAdmin\application\admin\controller\Miss.php ]
[ info ] [ BEHAVIOR ] Run app\admin\behavior\BuildResponse @response_send [ RunTime:0.001000s ]
[ info ] [ LOG ] INIT File
---------------------------------------------------------------
[ 2019-01-20T09:51:37+08:00 ] 127.0.0.1 GET www.api.com/admin/InterfaceGroup/index?page=1&size=10&type=&keywords=&status=
[运行时间：0.243014s] [吞吐率：4.11req/s] [内存消耗：2,917.21kb] [文件加载：63]
[ info ] [ LANG ] D:\phpStudy\PHPTutorial\WWW\ApiAdmin\thinkphp\lang\zh-cn.php
[ info ] [ CACHE ] INIT Redis
[ info ] [ BEHAVIOR ] Run \app\admin\behavior\ApiAuth @ [ RunTime:0.004000s ]
[ info ] [ BEHAVIOR ] Run \app\admin\behavior\ApiPermission @ [ RunTime:0.001000s ]
[ info ] [ DB ] INIT mysql
[ info ] [ BEHAVIOR ] Run \app\admin\behavior\AdminLog @ [ RunTime:0.122007s ]
[ info ] [ ROUTE ] array (
  'type' => 'module',
  'module' => 
  array (
    0 => 'admin',
    1 => 'InterfaceGroup',
    2 => 'index',
  ),
  'convert' => false,
)
[ info ] [ HEADER ] array (
  'accept-language' => 'zh-CN,zh;q=0.9',
  'accept-encoding' => 'gzip, deflate',
  'referer' => 'http://localhost:8080/',
  'user-agent' => 'Mozilla/5.0 (Windows NT 6.1; WOW64) AppleWebKit/537.36 (KHTML, like Gecko) Chrome/71.0.3578.98 Safari/537.36',
  'origin' => 'http://localhost:8080',
  'accept' => 'application/json, text/plain, */*',
  'apiauth' => '71c077b112ecc0122afbcb45046f1d6d',
  'connection' => 'close',
  'host' => 'www.api.com',
)
[ info ] [ PARAM ] array (
  '/admin/InterfaceGroup/index' => '',
  'page' => '1',
  'size' => '10',
  'type' => '',
  'keywords' => '',
  'status' => '',
)
[ info ] [ RUN ] app\admin\controller\InterfaceGroup->index[ D:\phpStudy\PHPTutorial\WWW\ApiAdmin\application\admin\controller\InterfaceGroup.php ]
[ info ] [ BEHAVIOR ] Run app\admin\behavior\BuildResponse @response_send [ RunTime:0.000000s ]
[ info ] [ LOG ] INIT File
[ sql ] [ DB ] CONNECT:[ UseTime:0.011001s ] mysql:host=127.0.0.1;dbname=apiadmin;charset=utf8
[ sql ] [ SQL ] SHOW COLUMNS FROM `admin_menu` [ RunTime:0.026001s ]
[ sql ] [ SQL ] SELECT * FROM `admin_menu` WHERE  `url` = 'admin/InterfaceGroup/index' LIMIT 1 [ RunTime:0.001000s ]
[ sql ] [ SQL ] SHOW COLUMNS FROM `admin_user_action` [ RunTime:0.026002s ]
[ sql ] [ SQL ] INSERT INTO `admin_user_action` (`actionName` , `uid` , `nickname` , `addTime` , `url` , `data`) VALUES ('接口分组列表' , 1 , 'root' , 1547949097 , 'admin/InterfaceGroup/index' , '{\"\\/admin\\/InterfaceGroup\\/index\":\"\",\"page\":\"1\",\"size\":\"10\",\"type\":\"\",\"keywords\":\"\",\"status\":\"\"}') [ RunTime:0.044002s ]
[ sql ] [ SQL ] SHOW COLUMNS FROM `admin_group` [ RunTime:0.073004s ]
[ sql ] [ SQL ] SELECT COUNT(*) AS tp_count FROM `admin_group` LIMIT 1 [ RunTime:0.000000s ]
[ sql ] [ SQL ] SELECT * FROM `admin_group` LIMIT 0,10 [ RunTime:0.001000s ]
---------------------------------------------------------------
[ 2019-01-20T09:53:35+08:00 ] 127.0.0.1 OPTIONS www.api.com/admin/InterfaceList/index?page=1&size=10&type=&keywords=&status=
[运行时间：0.084005s] [吞吐率：11.90req/s] [内存消耗：1,532.49kb] [文件加载：41]
[ info ] [ LANG ] D:\phpStudy\PHPTutorial\WWW\ApiAdmin\thinkphp\lang\zh-cn.php
[ info ] [ ROUTE ] array (
  'type' => 'module',
  'module' => 
  array (
    0 => 'admin',
    1 => 'Miss',
    2 => 'index',
  ),
  'convert' => false,
)
[ info ] [ HEADER ] array (
  'accept-language' => 'zh-CN,zh;q=0.9',
  'accept-encoding' => 'gzip, deflate',
  'referer' => 'http://localhost:8080/',
  'accept' => '*/*',
  'access-control-request-headers' => 'apiauth',
  'user-agent' => 'Mozilla/5.0 (Windows NT 6.1; WOW64) AppleWebKit/537.36 (KHTML, like Gecko) Chrome/71.0.3578.98 Safari/537.36',
  'origin' => 'http://localhost:8080',
  'access-control-request-method' => 'GET',
  'connection' => 'close',
  'host' => 'www.api.com',
)
[ info ] [ PARAM ] array (
  '/admin/InterfaceList/index' => '',
  'page' => '1',
  'size' => '10',
  'type' => '',
  'keywords' => '',
  'status' => '',
  'admin' => 'InterfaceList',
)
[ info ] [ RUN ] app\admin\controller\Miss->index[ D:\phpStudy\PHPTutorial\WWW\ApiAdmin\application\admin\controller\Miss.php ]
[ info ] [ BEHAVIOR ] Run app\admin\behavior\BuildResponse @response_send [ RunTime:0.001000s ]
[ info ] [ LOG ] INIT File
---------------------------------------------------------------
[ 2019-01-20T09:53:35+08:00 ] 127.0.0.1 GET www.api.com/admin/InterfaceList/index?page=1&size=10&type=&keywords=&status=
[运行时间：0.196011s] [吞吐率：5.10req/s] [内存消耗：2,928.38kb] [文件加载：63]
[ info ] [ LANG ] D:\phpStudy\PHPTutorial\WWW\ApiAdmin\thinkphp\lang\zh-cn.php
[ info ] [ CACHE ] INIT Redis
[ info ] [ BEHAVIOR ] Run \app\admin\behavior\ApiAuth @ [ RunTime:0.010000s ]
[ info ] [ BEHAVIOR ] Run \app\admin\behavior\ApiPermission @ [ RunTime:0.004001s ]
[ info ] [ DB ] INIT mysql
[ info ] [ BEHAVIOR ] Run \app\admin\behavior\AdminLog @ [ RunTime:0.107006s ]
[ info ] [ ROUTE ] array (
  'type' => 'module',
  'module' => 
  array (
    0 => 'admin',
    1 => 'InterfaceList',
    2 => 'index',
  ),
  'convert' => false,
)
[ info ] [ HEADER ] array (
  'accept-language' => 'zh-CN,zh;q=0.9',
  'accept-encoding' => 'gzip, deflate',
  'referer' => 'http://localhost:8080/',
  'user-agent' => 'Mozilla/5.0 (Windows NT 6.1; WOW64) AppleWebKit/537.36 (KHTML, like Gecko) Chrome/71.0.3578.98 Safari/537.36',
  'origin' => 'http://localhost:8080',
  'accept' => 'application/json, text/plain, */*',
  'apiauth' => '71c077b112ecc0122afbcb45046f1d6d',
  'connection' => 'close',
  'host' => 'www.api.com',
)
[ info ] [ PARAM ] array (
  '/admin/InterfaceList/index' => '',
  'page' => '1',
  'size' => '10',
  'type' => '',
  'keywords' => '',
  'status' => '',
)
[ info ] [ RUN ] app\admin\controller\InterfaceList->index[ D:\phpStudy\PHPTutorial\WWW\ApiAdmin\application\admin\controller\InterfaceList.php ]
[ info ] [ BEHAVIOR ] Run app\admin\behavior\BuildResponse @response_send [ RunTime:0.001000s ]
[ info ] [ LOG ] INIT File
[ sql ] [ DB ] CONNECT:[ UseTime:0.000000s ] mysql:host=127.0.0.1;dbname=apiadmin;charset=utf8
[ sql ] [ SQL ] SHOW COLUMNS FROM `admin_menu` [ RunTime:0.034002s ]
[ sql ] [ SQL ] SELECT * FROM `admin_menu` WHERE  `url` = 'admin/InterfaceList/index' LIMIT 1 [ RunTime:0.001000s ]
[ sql ] [ SQL ] SHOW COLUMNS FROM `admin_user_action` [ RunTime:0.027002s ]
[ sql ] [ SQL ] INSERT INTO `admin_user_action` (`actionName` , `uid` , `nickname` , `addTime` , `url` , `data`) VALUES ('接口列表' , 1 , 'root' , 1547949215 , 'admin/InterfaceList/index' , '{\"\\/admin\\/InterfaceList\\/index\":\"\",\"page\":\"1\",\"size\":\"10\",\"type\":\"\",\"keywords\":\"\",\"status\":\"\"}') [ RunTime:0.021001s ]
[ sql ] [ SQL ] SHOW COLUMNS FROM `admin_list` [ RunTime:0.028002s ]
[ sql ] [ SQL ] SELECT COUNT(*) AS tp_count FROM `admin_list` LIMIT 1 [ RunTime:0.001000s ]
[ sql ] [ SQL ] SELECT * FROM `admin_list` ORDER BY `id` DESC LIMIT 0,10 [ RunTime:0.001000s ]
---------------------------------------------------------------
[ 2019-01-20T09:53:44+08:00 ] 127.0.0.1 GET www.api.com/
[运行时间：0.419024s] [吞吐率：2.39req/s] [内存消耗：1,201.66kb] [文件加载：32]
[ info ] [ LANG ] D:\phpStudy\PHPTutorial\WWW\ApiAdmin\thinkphp\lang\zh-cn.php
[ info ] [ LOG ] INIT File
---------------------------------------------------------------
[ 2019-01-20T09:53:51+08:00 ] 127.0.0.1 GET www.api.com/admin
[运行时间：0.040002s] [吞吐率：25.00req/s] [内存消耗：1,531.09kb] [文件加载：41]
[ info ] [ LANG ] D:\phpStudy\PHPTutorial\WWW\ApiAdmin\thinkphp\lang\zh-cn.php
[ info ] [ ROUTE ] array (
  'type' => 'module',
  'module' => 
  array (
    0 => 'admin',
    1 => 'Miss',
    2 => 'index',
  ),
  'convert' => false,
)
[ info ] [ HEADER ] array (
  'accept-language' => 'zh-CN,zh;q=0.9',
  'accept-encoding' => 'gzip, deflate',
  'accept' => 'text/html,application/xhtml+xml,application/xml;q=0.9,image/webp,image/apng,*/*;q=0.8',
  'user-agent' => 'Mozilla/5.0 (Windows NT 6.1; WOW64) AppleWebKit/537.36 (KHTML, like Gecko) Chrome/71.0.3578.98 Safari/537.36',
  'upgrade-insecure-requests' => '1',
  'purpose' => 'prefetch',
  'connection' => 'close',
  'host' => 'www.api.com',
)
[ info ] [ PARAM ] array (
  '/admin' => '',
)
[ info ] [ RUN ] app\admin\controller\Miss->index[ D:\phpStudy\PHPTutorial\WWW\ApiAdmin\application\admin\controller\Miss.php ]
[ info ] [ BEHAVIOR ] Run app\admin\behavior\BuildResponse @response_send [ RunTime:0.001000s ]
[ info ] [ LOG ] INIT File
---------------------------------------------------------------
[ 2019-01-20T09:53:53+08:00 ] 127.0.0.1 GET www.api.com/api
[运行时间：0.250015s] [吞吐率：4.00req/s] [内存消耗：1,639.38kb] [文件加载：44]
[ info ] [ LANG ] D:\phpStudy\PHPTutorial\WWW\ApiAdmin\thinkphp\lang\zh-cn.php
[ info ] [ ROUTE ] array (
  'type' => 'module',
  'module' => 
  array (
    0 => 'api',
    1 => 'Miss',
    2 => 'index',
  ),
  'convert' => false,
)
[ info ] [ HEADER ] array (
  'accept-language' => 'zh-CN,zh;q=0.9',
  'accept-encoding' => 'gzip, deflate',
  'accept' => 'text/html,application/xhtml+xml,application/xml;q=0.9,image/webp,image/apng,*/*;q=0.8',
  'user-agent' => 'Mozilla/5.0 (Windows NT 6.1; WOW64) AppleWebKit/537.36 (KHTML, like Gecko) Chrome/71.0.3578.98 Safari/537.36',
  'upgrade-insecure-requests' => '1',
  'connection' => 'close',
  'host' => 'www.api.com',
)
[ info ] [ PARAM ] array (
  '/api' => '',
)
[ info ] [ RUN ] app\api\controller\Miss->index[ D:\phpStudy\PHPTutorial\WWW\ApiAdmin\application\api\controller\Miss.php ]
[ info ] [ BEHAVIOR ] Run app\api\behavior\BuildResponse @response_send [ RunTime:0.013001s ]
[ info ] [ LOG ] INIT File
---------------------------------------------------------------
[ 2019-01-20T09:54:38+08:00 ] 127.0.0.1 OPTIONS www.api.com/admin/InterfaceList/refresh
[运行时间：0.037003s] [吞吐率：27.02req/s] [内存消耗：1,532.29kb] [文件加载：41]
[ info ] [ LANG ] D:\phpStudy\PHPTutorial\WWW\ApiAdmin\thinkphp\lang\zh-cn.php
[ info ] [ ROUTE ] array (
  'type' => 'module',
  'module' => 
  array (
    0 => 'admin',
    1 => 'Miss',
    2 => 'index',
  ),
  'convert' => false,
)
[ info ] [ HEADER ] array (
  'accept-language' => 'zh-CN,zh;q=0.9',
  'accept-encoding' => 'gzip, deflate',
  'referer' => 'http://localhost:8080/',
  'accept' => '*/*',
  'access-control-request-headers' => 'apiauth',
  'user-agent' => 'Mozilla/5.0 (Windows NT 6.1; WOW64) AppleWebKit/537.36 (KHTML, like Gecko) Chrome/71.0.3578.98 Safari/537.36',
  'origin' => 'http://localhost:8080',
  'access-control-request-method' => 'GET',
  'connection' => 'close',
  'host' => 'www.api.com',
)
[ info ] [ PARAM ] array (
  '/admin/InterfaceList/refresh' => '',
  'admin' => 'InterfaceList',
)
[ info ] [ RUN ] app\admin\controller\Miss->index[ D:\phpStudy\PHPTutorial\WWW\ApiAdmin\application\admin\controller\Miss.php ]
[ info ] [ BEHAVIOR ] Run app\admin\behavior\BuildResponse @response_send [ RunTime:0.001000s ]
[ info ] [ LOG ] INIT File
---------------------------------------------------------------
[ 2019-01-20T09:54:38+08:00 ] 127.0.0.1 GET www.api.com/admin/InterfaceList/refresh
[运行时间：0.155009s] [吞吐率：6.45req/s] [内存消耗：2,834.45kb] [文件加载：59]
[ info ] [ LANG ] D:\phpStudy\PHPTutorial\WWW\ApiAdmin\thinkphp\lang\zh-cn.php
[ info ] [ CACHE ] INIT Redis
[ info ] [ BEHAVIOR ] Run \app\admin\behavior\ApiAuth @ [ RunTime:0.014001s ]
[ info ] [ BEHAVIOR ] Run \app\admin\behavior\ApiPermission @ [ RunTime:0.002000s ]
[ info ] [ DB ] INIT mysql
[ info ] [ BEHAVIOR ] Run \app\admin\behavior\AdminLog @ [ RunTime:0.078005s ]
[ info ] [ ROUTE ] array (
  'type' => 'module',
  'module' => 
  array (
    0 => 'admin',
    1 => 'InterfaceList',
    2 => 'refresh',
  ),
  'convert' => false,
)
[ info ] [ HEADER ] array (
  'accept-language' => 'zh-CN,zh;q=0.9',
  'accept-encoding' => 'gzip, deflate',
  'referer' => 'http://localhost:8080/',
  'user-agent' => 'Mozilla/5.0 (Windows NT 6.1; WOW64) AppleWebKit/537.36 (KHTML, like Gecko) Chrome/71.0.3578.98 Safari/537.36',
  'origin' => 'http://localhost:8080',
  'accept' => 'application/json, text/plain, */*',
  'apiauth' => '71c077b112ecc0122afbcb45046f1d6d',
  'connection' => 'close',
  'host' => 'www.api.com',
)
[ info ] [ PARAM ] array (
  '/admin/InterfaceList/refresh' => '',
)
[ info ] [ RUN ] app\admin\controller\InterfaceList->refresh[ D:\phpStudy\PHPTutorial\WWW\ApiAdmin\application\admin\controller\InterfaceList.php ]
[ info ] [ BEHAVIOR ] Run app\admin\behavior\BuildResponse @response_send [ RunTime:0.000000s ]
[ info ] [ LOG ] INIT File
[ sql ] [ DB ] CONNECT:[ UseTime:0.001000s ] mysql:host=127.0.0.1;dbname=apiadmin;charset=utf8
[ sql ] [ SQL ] SHOW COLUMNS FROM `admin_menu` [ RunTime:0.019001s ]
[ sql ] [ SQL ] SELECT * FROM `admin_menu` WHERE  `url` = 'admin/InterfaceList/refresh' LIMIT 1 [ RunTime:0.001000s ]
[ sql ] [ SQL ] SHOW COLUMNS FROM `admin_user_action` [ RunTime:0.019001s ]
[ sql ] [ SQL ] INSERT INTO `admin_user_action` (`actionName` , `uid` , `nickname` , `addTime` , `url` , `data`) VALUES ('刷新路由' , 1 , 'root' , 1547949278 , 'admin/InterfaceList/refresh' , '{\"\\/admin\\/InterfaceList\\/refresh\":\"\"}') [ RunTime:0.021002s ]
[ sql ] [ SQL ] SHOW COLUMNS FROM `admin_list` [ RunTime:0.020001s ]
[ sql ] [ SQL ] SELECT * FROM `admin_list` WHERE  `status` = 1 [ RunTime:0.001001s ]
---------------------------------------------------------------
[ 2019-01-20T09:57:55+08:00 ] 127.0.0.1 GET www.api.com/api
[运行时间：0.050003s] [吞吐率：20.00req/s] [内存消耗：1,639.23kb] [文件加载：44]
[ info ] [ LANG ] D:\phpStudy\PHPTutorial\WWW\ApiAdmin\thinkphp\lang\zh-cn.php
[ info ] [ ROUTE ] array (
  'type' => 'module',
  'module' => 
  array (
    0 => 'api',
    1 => 'Miss',
    2 => 'index',
  ),
  'convert' => false,
)
[ info ] [ HEADER ] array (
  'accept-language' => 'zh-CN,zh;q=0.9',
  'accept-encoding' => 'gzip, deflate',
  'accept' => 'text/html,application/xhtml+xml,application/xml;q=0.9,image/webp,image/apng,*/*;q=0.8',
  'user-agent' => 'Mozilla/5.0 (Windows NT 6.1; WOW64) AppleWebKit/537.36 (KHTML, like Gecko) Chrome/71.0.3578.98 Safari/537.36',
  'upgrade-insecure-requests' => '1',
  'cache-control' => 'max-age=0',
  'connection' => 'close',
  'host' => 'www.api.com',
)
[ info ] [ PARAM ] array (
)
[ info ] [ RUN ] app\api\controller\Miss->index[ D:\phpStudy\PHPTutorial\WWW\ApiAdmin\application\api\controller\Miss.php ]
[ info ] [ BEHAVIOR ] Run app\api\behavior\BuildResponse @response_send [ RunTime:0.003000s ]
[ info ] [ LOG ] INIT File
---------------------------------------------------------------
[ 2019-01-20T09:58:01+08:00 ] 127.0.0.1 GET www.api.com/
[运行时间：0.065004s] [吞吐率：15.38req/s] [内存消耗：1,201.66kb] [文件加载：32]
[ info ] [ LANG ] D:\phpStudy\PHPTutorial\WWW\ApiAdmin\thinkphp\lang\zh-cn.php
[ info ] [ LOG ] INIT File
---------------------------------------------------------------
[ 2019-01-20T09:58:07+08:00 ] 127.0.0.1 GET www.api.com/api
[运行时间：0.045002s] [吞吐率：22.22req/s] [内存消耗：1,639.11kb] [文件加载：44]
[ info ] [ LANG ] D:\phpStudy\PHPTutorial\WWW\ApiAdmin\thinkphp\lang\zh-cn.php
[ info ] [ ROUTE ] array (
  'type' => 'module',
  'module' => 
  array (
    0 => 'api',
    1 => 'Miss',
    2 => 'index',
  ),
  'convert' => false,
)
[ info ] [ HEADER ] array (
  'accept-language' => 'zh-CN,zh;q=0.9',
  'accept-encoding' => 'gzip, deflate',
  'accept' => 'text/html,application/xhtml+xml,application/xml;q=0.9,image/webp,image/apng,*/*;q=0.8',
  'user-agent' => 'Mozilla/5.0 (Windows NT 6.1; WOW64) AppleWebKit/537.36 (KHTML, like Gecko) Chrome/71.0.3578.98 Safari/537.36',
  'upgrade-insecure-requests' => '1',
  'connection' => 'close',
  'host' => 'www.api.com',
)
[ info ] [ PARAM ] array (
)
[ info ] [ RUN ] app\api\controller\Miss->index[ D:\phpStudy\PHPTutorial\WWW\ApiAdmin\application\api\controller\Miss.php ]
[ info ] [ BEHAVIOR ] Run app\api\behavior\BuildResponse @response_send [ RunTime:0.003000s ]
[ info ] [ LOG ] INIT File
---------------------------------------------------------------
[ 2019-01-20T09:58:29+08:00 ] 127.0.0.1 GET www.api.com/wiki
[运行时间：0.241014s] [吞吐率：4.15req/s] [内存消耗：1,599.76kb] [文件加载：39]
[ info ] [ LANG ] D:\phpStudy\PHPTutorial\WWW\ApiAdmin\thinkphp\lang\zh-cn.php
[ info ] [ ROUTE ] array (
  'type' => 'module',
  'module' => 
  array (
    0 => 'wiki',
    1 => 'index',
    2 => 'index',
  ),
  'convert' => false,
)
[ info ] [ HEADER ] array (
  'accept-language' => 'zh-CN,zh;q=0.9',
  'accept-encoding' => 'gzip, deflate',
  'accept' => 'text/html,application/xhtml+xml,application/xml;q=0.9,image/webp,image/apng,*/*;q=0.8',
  'user-agent' => 'Mozilla/5.0 (Windows NT 6.1; WOW64) AppleWebKit/537.36 (KHTML, like Gecko) Chrome/71.0.3578.98 Safari/537.36',
  'upgrade-insecure-requests' => '1',
  'purpose' => 'prefetch',
  'connection' => 'close',
  'host' => 'www.api.com',
)
[ info ] [ PARAM ] array (
)
[ info ] [ RUN ] app\wiki\controller\Index->index[ D:\phpStudy\PHPTutorial\WWW\ApiAdmin\application\wiki\controller\Index.php ]
[ info ] [ SESSION ] INIT array (
  'id' => '',
  'var_session_id' => '',
  'prefix' => 'think',
  'type' => '',
  'auto_start' => true,
)
[ info ] [ LOG ] INIT File
---------------------------------------------------------------
[ 2019-01-20T09:58:29+08:00 ] 127.0.0.1 GET www.api.com/wiki/login.html
[运行时间：0.065004s] [吞吐率：15.38req/s] [内存消耗：1,599.44kb] [文件加载：39]
[ info ] [ LANG ] D:\phpStudy\PHPTutorial\WWW\ApiAdmin\thinkphp\lang\zh-cn.php
[ info ] [ ROUTE ] array (
  'type' => 'module',
  'module' => 
  array (
    0 => 'wiki',
    1 => 'index',
    2 => 'login',
  ),
  'convert' => false,
)
[ info ] [ HEADER ] array (
  'cookie' => 'PHPSESSID=hlmiehdhjlcbongs3ulmdk6cj7',
  'accept-language' => 'zh-CN,zh;q=0.9',
  'accept-encoding' => 'gzip, deflate',
  'accept' => 'text/html,application/xhtml+xml,application/xml;q=0.9,image/webp,image/apng,*/*;q=0.8',
  'user-agent' => 'Mozilla/5.0 (Windows NT 6.1; WOW64) AppleWebKit/537.36 (KHTML, like Gecko) Chrome/71.0.3578.98 Safari/537.36',
  'upgrade-insecure-requests' => '1',
  'purpose' => 'prefetch',
  'connection' => 'close',
  'host' => 'www.api.com',
)
[ info ] [ PARAM ] array (
)
[ info ] [ RUN ] app\wiki\controller\Index->login[ D:\phpStudy\PHPTutorial\WWW\ApiAdmin\application\wiki\controller\Index.php ]
[ info ] [ VIEW ] D:\phpStudy\PHPTutorial\WWW\ApiAdmin\public/../application/wiki\view\index\login.html [ array (
) ]
[ info ] [ LOG ] INIT File
---------------------------------------------------------------
[ 2019-01-20T09:58:38+08:00 ] 127.0.0.1 OPTIONS www.api.com/admin/App/index?page=1&size=10&type=&keywords=&status=
[运行时间：0.043003s] [吞吐率：23.25req/s] [内存消耗：1,532.31kb] [文件加载：41]
[ info ] [ LANG ] D:\phpStudy\PHPTutorial\WWW\ApiAdmin\thinkphp\lang\zh-cn.php
[ info ] [ ROUTE ] array (
  'type' => 'module',
  'module' => 
  array (
    0 => 'admin',
    1 => 'Miss',
    2 => 'index',
  ),
  'convert' => false,
)
[ info ] [ HEADER ] array (
  'accept-language' => 'zh-CN,zh;q=0.9',
  'accept-encoding' => 'gzip, deflate',
  'referer' => 'http://localhost:8080/',
  'accept' => '*/*',
  'access-control-request-headers' => 'apiauth',
  'user-agent' => 'Mozilla/5.0 (Windows NT 6.1; WOW64) AppleWebKit/537.36 (KHTML, like Gecko) Chrome/71.0.3578.98 Safari/537.36',
  'origin' => 'http://localhost:8080',
  'access-control-request-method' => 'GET',
  'connection' => 'close',
  'host' => 'www.api.com',
)
[ info ] [ PARAM ] array (
  'page' => '1',
  'size' => '10',
  'type' => '',
  'keywords' => '',
  'status' => '',
  'admin' => 'App',
)
[ info ] [ RUN ] app\admin\controller\Miss->index[ D:\phpStudy\PHPTutorial\WWW\ApiAdmin\application\admin\controller\Miss.php ]
[ info ] [ BEHAVIOR ] Run app\admin\behavior\BuildResponse @response_send [ RunTime:0.001000s ]
[ info ] [ LOG ] INIT File
---------------------------------------------------------------
[ 2019-01-20T09:58:38+08:00 ] 127.0.0.1 GET www.api.com/admin/App/index?page=1&size=10&type=&keywords=&status=
[运行时间：0.176010s] [吞吐率：5.68req/s] [内存消耗：2,923.04kb] [文件加载：63]
[ info ] [ LANG ] D:\phpStudy\PHPTutorial\WWW\ApiAdmin\thinkphp\lang\zh-cn.php
[ info ] [ CACHE ] INIT Redis
[ info ] [ BEHAVIOR ] Run \app\admin\behavior\ApiAuth @ [ RunTime:0.003001s ]
[ info ] [ BEHAVIOR ] Run \app\admin\behavior\ApiPermission @ [ RunTime:0.002000s ]
[ info ] [ DB ] INIT mysql
[ info ] [ BEHAVIOR ] Run \app\admin\behavior\AdminLog @ [ RunTime:0.097005s ]
[ info ] [ ROUTE ] array (
  'type' => 'module',
  'module' => 
  array (
    0 => 'admin',
    1 => 'App',
    2 => 'index',
  ),
  'convert' => false,
)
[ info ] [ HEADER ] array (
  'accept-language' => 'zh-CN,zh;q=0.9',
  'accept-encoding' => 'gzip, deflate',
  'referer' => 'http://localhost:8080/',
  'user-agent' => 'Mozilla/5.0 (Windows NT 6.1; WOW64) AppleWebKit/537.36 (KHTML, like Gecko) Chrome/71.0.3578.98 Safari/537.36',
  'origin' => 'http://localhost:8080',
  'accept' => 'application/json, text/plain, */*',
  'apiauth' => '71c077b112ecc0122afbcb45046f1d6d',
  'connection' => 'close',
  'host' => 'www.api.com',
)
[ info ] [ PARAM ] array (
  'page' => '1',
  'size' => '10',
  'type' => '',
  'keywords' => '',
  'status' => '',
)
[ info ] [ RUN ] app\admin\controller\App->index[ D:\phpStudy\PHPTutorial\WWW\ApiAdmin\application\admin\controller\App.php ]
[ info ] [ BEHAVIOR ] Run app\admin\behavior\BuildResponse @response_send [ RunTime:0.001000s ]
[ info ] [ LOG ] INIT File
[ sql ] [ DB ] CONNECT:[ UseTime:0.001001s ] mysql:host=127.0.0.1;dbname=apiadmin;charset=utf8
[ sql ] [ SQL ] SHOW COLUMNS FROM `admin_menu` [ RunTime:0.030001s ]
[ sql ] [ SQL ] SELECT * FROM `admin_menu` WHERE  `url` = 'admin/App/index' LIMIT 1 [ RunTime:0.000000s ]
[ sql ] [ SQL ] SHOW COLUMNS FROM `admin_user_action` [ RunTime:0.029002s ]
[ sql ] [ SQL ] INSERT INTO `admin_user_action` (`actionName` , `uid` , `nickname` , `addTime` , `url` , `data`) VALUES ('应用列表' , 1 , 'root' , 1547949518 , 'admin/App/index' , '{\"page\":\"1\",\"size\":\"10\",\"type\":\"\",\"keywords\":\"\",\"status\":\"\"}') [ RunTime:0.020001s ]
[ sql ] [ SQL ] SHOW COLUMNS FROM `admin_app` [ RunTime:0.029002s ]
[ sql ] [ SQL ] SELECT COUNT(*) AS tp_count FROM `admin_app` LIMIT 1 [ RunTime:0.001000s ]
[ sql ] [ SQL ] SELECT * FROM `admin_app` ORDER BY `app_addTime` DESC LIMIT 0,10 [ RunTime:0.001000s ]
---------------------------------------------------------------
[ 2019-01-20T09:58:39+08:00 ] 127.0.0.1 OPTIONS www.api.com/admin/AppGroup/index?page=1&size=10&type=&keywords=&status=
[运行时间：0.039002s] [吞吐率：25.64req/s] [内存消耗：1,532.32kb] [文件加载：41]
[ info ] [ LANG ] D:\phpStudy\PHPTutorial\WWW\ApiAdmin\thinkphp\lang\zh-cn.php
[ info ] [ ROUTE ] array (
  'type' => 'module',
  'module' => 
  array (
    0 => 'admin',
    1 => 'Miss',
    2 => 'index',
  ),
  'convert' => false,
)
[ info ] [ HEADER ] array (
  'accept-language' => 'zh-CN,zh;q=0.9',
  'accept-encoding' => 'gzip, deflate',
  'referer' => 'http://localhost:8080/',
  'accept' => '*/*',
  'access-control-request-headers' => 'apiauth',
  'user-agent' => 'Mozilla/5.0 (Windows NT 6.1; WOW64) AppleWebKit/537.36 (KHTML, like Gecko) Chrome/71.0.3578.98 Safari/537.36',
  'origin' => 'http://localhost:8080',
  'access-control-request-method' => 'GET',
  'connection' => 'close',
  'host' => 'www.api.com',
)
[ info ] [ PARAM ] array (
  'page' => '1',
  'size' => '10',
  'type' => '',
  'keywords' => '',
  'status' => '',
  'admin' => 'AppGroup',
)
[ info ] [ RUN ] app\admin\controller\Miss->index[ D:\phpStudy\PHPTutorial\WWW\ApiAdmin\application\admin\controller\Miss.php ]
[ info ] [ BEHAVIOR ] Run app\admin\behavior\BuildResponse @response_send [ RunTime:0.001000s ]
[ info ] [ LOG ] INIT File
---------------------------------------------------------------
[ 2019-01-20T09:58:39+08:00 ] 127.0.0.1 GET www.api.com/admin/AppGroup/index?page=1&size=10&type=&keywords=&status=
[运行时间：0.487028s] [吞吐率：2.05req/s] [内存消耗：2,910.26kb] [文件加载：63]
[ info ] [ LANG ] D:\phpStudy\PHPTutorial\WWW\ApiAdmin\thinkphp\lang\zh-cn.php
[ info ] [ CACHE ] INIT Redis
[ info ] [ BEHAVIOR ] Run \app\admin\behavior\ApiAuth @ [ RunTime:0.003000s ]
[ info ] [ BEHAVIOR ] Run \app\admin\behavior\ApiPermission @ [ RunTime:0.001000s ]
[ info ] [ DB ] INIT mysql
[ info ] [ BEHAVIOR ] Run \app\admin\behavior\AdminLog @ [ RunTime:0.415024s ]
[ info ] [ ROUTE ] array (
  'type' => 'module',
  'module' => 
  array (
    0 => 'admin',
    1 => 'AppGroup',
    2 => 'index',
  ),
  'convert' => false,
)
[ info ] [ HEADER ] array (
  'accept-language' => 'zh-CN,zh;q=0.9',
  'accept-encoding' => 'gzip, deflate',
  'referer' => 'http://localhost:8080/',
  'user-agent' => 'Mozilla/5.0 (Windows NT 6.1; WOW64) AppleWebKit/537.36 (KHTML, like Gecko) Chrome/71.0.3578.98 Safari/537.36',
  'origin' => 'http://localhost:8080',
  'accept' => 'application/json, text/plain, */*',
  'apiauth' => '71c077b112ecc0122afbcb45046f1d6d',
  'connection' => 'close',
  'host' => 'www.api.com',
)
[ info ] [ PARAM ] array (
  'page' => '1',
  'size' => '10',
  'type' => '',
  'keywords' => '',
  'status' => '',
)
[ info ] [ RUN ] app\admin\controller\AppGroup->index[ D:\phpStudy\PHPTutorial\WWW\ApiAdmin\application\admin\controller\AppGroup.php ]
[ info ] [ BEHAVIOR ] Run app\admin\behavior\BuildResponse @response_send [ RunTime:0.000000s ]
[ info ] [ LOG ] INIT File
[ sql ] [ DB ] CONNECT:[ UseTime:0.001000s ] mysql:host=127.0.0.1;dbname=apiadmin;charset=utf8
[ sql ] [ SQL ] SHOW COLUMNS FROM `admin_menu` [ RunTime:0.028002s ]
[ sql ] [ SQL ] SELECT * FROM `admin_menu` WHERE  `url` = 'admin/AppGroup/index' LIMIT 1 [ RunTime:0.001000s ]
[ sql ] [ SQL ] SHOW COLUMNS FROM `admin_user_action` [ RunTime:0.029002s ]
[ sql ] [ SQL ] INSERT INTO `admin_user_action` (`actionName` , `uid` , `nickname` , `addTime` , `url` , `data`) VALUES ('应用分组列表' , 1 , 'root' , 1547949519 , 'admin/AppGroup/index' , '{\"page\":\"1\",\"size\":\"10\",\"type\":\"\",\"keywords\":\"\",\"status\":\"\"}') [ RunTime:0.340019s ]
[ sql ] [ SQL ] SHOW COLUMNS FROM `admin_app_group` [ RunTime:0.026001s ]
[ sql ] [ SQL ] SELECT COUNT(*) AS tp_count FROM `admin_app_group` LIMIT 1 [ RunTime:0.001000s ]
[ sql ] [ SQL ] SELECT * FROM `admin_app_group` LIMIT 0,10 [ RunTime:0.001000s ]
---------------------------------------------------------------
[ 2019-01-20T09:58:41+08:00 ] 127.0.0.1 GET www.api.com/admin/App/index?page=1&size=10&type=&keywords=&status=
[运行时间：0.165009s] [吞吐率：6.06req/s] [内存消耗：2,923.04kb] [文件加载：63]
[ info ] [ LANG ] D:\phpStudy\PHPTutorial\WWW\ApiAdmin\thinkphp\lang\zh-cn.php
[ info ] [ CACHE ] INIT Redis
[ info ] [ BEHAVIOR ] Run \app\admin\behavior\ApiAuth @ [ RunTime:0.004000s ]
[ info ] [ BEHAVIOR ] Run \app\admin\behavior\ApiPermission @ [ RunTime:0.002000s ]
[ info ] [ DB ] INIT mysql
[ info ] [ BEHAVIOR ] Run \app\admin\behavior\AdminLog @ [ RunTime:0.085005s ]
[ info ] [ ROUTE ] array (
  'type' => 'module',
  'module' => 
  array (
    0 => 'admin',
    1 => 'App',
    2 => 'index',
  ),
  'convert' => false,
)
[ info ] [ HEADER ] array (
  'accept-language' => 'zh-CN,zh;q=0.9',
  'accept-encoding' => 'gzip, deflate',
  'referer' => 'http://localhost:8080/',
  'user-agent' => 'Mozilla/5.0 (Windows NT 6.1; WOW64) AppleWebKit/537.36 (KHTML, like Gecko) Chrome/71.0.3578.98 Safari/537.36',
  'origin' => 'http://localhost:8080',
  'accept' => 'application/json, text/plain, */*',
  'apiauth' => '71c077b112ecc0122afbcb45046f1d6d',
  'connection' => 'close',
  'host' => 'www.api.com',
)
[ info ] [ PARAM ] array (
  'page' => '1',
  'size' => '10',
  'type' => '',
  'keywords' => '',
  'status' => '',
)
[ info ] [ RUN ] app\admin\controller\App->index[ D:\phpStudy\PHPTutorial\WWW\ApiAdmin\application\admin\controller\App.php ]
[ info ] [ BEHAVIOR ] Run app\admin\behavior\BuildResponse @response_send [ RunTime:0.001000s ]
[ info ] [ LOG ] INIT File
[ sql ] [ DB ] CONNECT:[ UseTime:0.001000s ] mysql:host=127.0.0.1;dbname=apiadmin;charset=utf8
[ sql ] [ SQL ] SHOW COLUMNS FROM `admin_menu` [ RunTime:0.028002s ]
[ sql ] [ SQL ] SELECT * FROM `admin_menu` WHERE  `url` = 'admin/App/index' LIMIT 1 [ RunTime:0.001000s ]
[ sql ] [ SQL ] SHOW COLUMNS FROM `admin_user_action` [ RunTime:0.028002s ]
[ sql ] [ SQL ] INSERT INTO `admin_user_action` (`actionName` , `uid` , `nickname` , `addTime` , `url` , `data`) VALUES ('应用列表' , 1 , 'root' , 1547949521 , 'admin/App/index' , '{\"page\":\"1\",\"size\":\"10\",\"type\":\"\",\"keywords\":\"\",\"status\":\"\"}') [ RunTime:0.013000s ]
[ sql ] [ SQL ] SHOW COLUMNS FROM `admin_app` [ RunTime:0.028002s ]
[ sql ] [ SQL ] SELECT COUNT(*) AS tp_count FROM `admin_app` LIMIT 1 [ RunTime:0.001000s ]
[ sql ] [ SQL ] SELECT * FROM `admin_app` ORDER BY `app_addTime` DESC LIMIT 0,10 [ RunTime:0.000000s ]
---------------------------------------------------------------
[ 2019-01-20T09:58:45+08:00 ] 127.0.0.1 POST www.api.com/wiki/doLogin.html
[运行时间：0.293017s] [吞吐率：3.41req/s] [内存消耗：2,777.86kb] [文件加载：49]
[ info ] [ LANG ] D:\phpStudy\PHPTutorial\WWW\ApiAdmin\thinkphp\lang\zh-cn.php
[ info ] [ ROUTE ] array (
  'type' => 'module',
  'module' => 
  array (
    0 => 'wiki',
    1 => 'index',
    2 => 'doLogin',
  ),
  'convert' => false,
)
[ info ] [ HEADER ] array (
  'cookie' => 'PHPSESSID=hlmiehdhjlcbongs3ulmdk6cj7',
  'accept-language' => 'zh-CN,zh;q=0.9',
  'accept-encoding' => 'gzip, deflate',
  'referer' => 'http://www.api.com/wiki/login.html',
  'accept' => 'text/html,application/xhtml+xml,application/xml;q=0.9,image/webp,image/apng,*/*;q=0.8',
  'user-agent' => 'Mozilla/5.0 (Windows NT 6.1; WOW64) AppleWebKit/537.36 (KHTML, like Gecko) Chrome/71.0.3578.98 Safari/537.36',
  'content-type' => 'application/x-www-form-urlencoded',
  'upgrade-insecure-requests' => '1',
  'origin' => 'http://www.api.com',
  'cache-control' => 'max-age=0',
  'content-length' => '57',
  'connection' => 'close',
  'host' => 'www.api.com',
)
[ info ] [ PARAM ] array (
  'appId' => '75302426',
  'appSecret' => 'IveBtuiVVRihQzdXPlNzzHtusPfkCkEi',
)
[ info ] [ RUN ] app\wiki\controller\Index->doLogin[ D:\phpStudy\PHPTutorial\WWW\ApiAdmin\application\wiki\controller\Index.php ]
[ info ] [ DB ] INIT mysql
[ info ] [ SESSION ] INIT array (
  'id' => '',
  'var_session_id' => '',
  'prefix' => 'think',
  'type' => '',
  'auto_start' => true,
)
[ info ] [ VIEW ] D:\phpStudy\PHPTutorial\WWW\ApiAdmin\thinkphp\tpl\dispatch_jump.tpl [ array (
  0 => 'code',
  1 => 'msg',
  2 => 'data',
  3 => 'url',
  4 => 'wait',
) ]
[ info ] [ LOG ] INIT File
[ sql ] [ DB ] CONNECT:[ UseTime:0.010000s ] mysql:host=127.0.0.1;dbname=apiadmin;charset=utf8
[ sql ] [ SQL ] SHOW COLUMNS FROM `admin_app` [ RunTime:0.026002s ]
[ sql ] [ SQL ] SELECT * FROM `admin_app` WHERE  `app_id` = '75302426'  AND `app_secret` = 'IveBtuiVVRihQzdXPlNzzHtusPfkCkEi' LIMIT 1 [ RunTime:0.001000s ]
---------------------------------------------------------------
[ 2019-01-20T09:58:46+08:00 ] 127.0.0.1 GET www.api.com/wiki/index.html
[运行时间：0.124007s] [吞吐率：8.06req/s] [内存消耗：2,806.14kb] [文件加载：51]
[ info ] [ LANG ] D:\phpStudy\PHPTutorial\WWW\ApiAdmin\thinkphp\lang\zh-cn.php
[ info ] [ ROUTE ] array (
  'type' => 'module',
  'module' => 
  array (
    0 => 'wiki',
    1 => 'index',
    2 => 'index',
  ),
  'convert' => false,
)
[ info ] [ HEADER ] array (
  'cookie' => 'PHPSESSID=hlmiehdhjlcbongs3ulmdk6cj7',
  'accept-language' => 'zh-CN,zh;q=0.9',
  'accept-encoding' => 'gzip, deflate',
  'referer' => 'http://www.api.com/wiki/doLogin.html',
  'accept' => 'text/html,application/xhtml+xml,application/xml;q=0.9,image/webp,image/apng,*/*;q=0.8',
  'user-agent' => 'Mozilla/5.0 (Windows NT 6.1; WOW64) AppleWebKit/537.36 (KHTML, like Gecko) Chrome/71.0.3578.98 Safari/537.36',
  'upgrade-insecure-requests' => '1',
  'connection' => 'close',
  'host' => 'www.api.com',
)
[ info ] [ PARAM ] array (
)
[ info ] [ RUN ] app\wiki\controller\Index->index[ D:\phpStudy\PHPTutorial\WWW\ApiAdmin\application\wiki\controller\Index.php ]
[ info ] [ SESSION ] INIT array (
  'id' => '',
  'var_session_id' => '',
  'prefix' => 'think',
  'type' => '',
  'auto_start' => true,
)
[ info ] [ DB ] INIT mysql
[ info ] [ VIEW ] D:\phpStudy\PHPTutorial\WWW\ApiAdmin\public/../application/wiki\view\index\index.html [ array (
  0 => 'groupInfo',
  1 => 'appInfo',
) ]
[ info ] [ LOG ] INIT File
[ sql ] [ DB ] CONNECT:[ UseTime:0.001000s ] mysql:host=127.0.0.1;dbname=apiadmin;charset=utf8
[ sql ] [ SQL ] SHOW COLUMNS FROM `admin_group` [ RunTime:0.026002s ]
[ sql ] [ SQL ] SELECT * FROM `admin_group` [ RunTime:0.001000s ]
[ sql ] [ SQL ] SHOW COLUMNS FROM `admin_app` [ RunTime:0.026002s ]
[ sql ] [ SQL ] SELECT * FROM `admin_app` WHERE  `app_id` = '75302426' LIMIT 1 [ RunTime:0.001000s ]
---------------------------------------------------------------
[ 2019-01-20T09:59:06+08:00 ] 127.0.0.1 GET www.api.com/wiki/calculation.html
[运行时间：0.232013s] [吞吐率：4.31req/s] [内存消耗：1,601.35kb] [文件加载：39]
[ info ] [ LANG ] D:\phpStudy\PHPTutorial\WWW\ApiAdmin\thinkphp\lang\zh-cn.php
[ info ] [ ROUTE ] array (
  'type' => 'module',
  'module' => 
  array (
    0 => 'wiki',
    1 => 'index',
    2 => 'calculation',
  ),
  'convert' => false,
)
[ info ] [ HEADER ] array (
  'cookie' => 'PHPSESSID=hlmiehdhjlcbongs3ulmdk6cj7',
  'accept-language' => 'zh-CN,zh;q=0.9',
  'accept-encoding' => 'gzip, deflate',
  'referer' => 'http://www.api.com/wiki/index.html',
  'accept' => 'text/html,application/xhtml+xml,application/xml;q=0.9,image/webp,image/apng,*/*;q=0.8',
  'user-agent' => 'Mozilla/5.0 (Windows NT 6.1; WOW64) AppleWebKit/537.36 (KHTML, like Gecko) Chrome/71.0.3578.98 Safari/537.36',
  'upgrade-insecure-requests' => '1',
  'connection' => 'close',
  'host' => 'www.api.com',
)
[ info ] [ PARAM ] array (
)
[ info ] [ RUN ] app\wiki\controller\Index->calculation[ D:\phpStudy\PHPTutorial\WWW\ApiAdmin\application\wiki\controller\Index.php ]
[ info ] [ SESSION ] INIT array (
  'id' => '',
  'var_session_id' => '',
  'prefix' => 'think',
  'type' => '',
  'auto_start' => true,
)
[ info ] [ VIEW ] D:\phpStudy\PHPTutorial\WWW\ApiAdmin\public/../application/wiki\view\index\calculation.html [ array (
) ]
[ info ] [ LOG ] INIT File
---------------------------------------------------------------
[ 2019-01-20T09:59:10+08:00 ] 127.0.0.1 GET www.api.com/wiki/index.html
[运行时间：0.115007s] [吞吐率：8.70req/s] [内存消耗：2,806.14kb] [文件加载：51]
[ info ] [ LANG ] D:\phpStudy\PHPTutorial\WWW\ApiAdmin\thinkphp\lang\zh-cn.php
[ info ] [ ROUTE ] array (
  'type' => 'module',
  'module' => 
  array (
    0 => 'wiki',
    1 => 'index',
    2 => 'index',
  ),
  'convert' => false,
)
[ info ] [ HEADER ] array (
  'cookie' => 'PHPSESSID=hlmiehdhjlcbongs3ulmdk6cj7',
  'accept-language' => 'zh-CN,zh;q=0.9',
  'accept-encoding' => 'gzip, deflate',
  'referer' => 'http://www.api.com/wiki/doLogin.html',
  'accept' => 'text/html,application/xhtml+xml,application/xml;q=0.9,image/webp,image/apng,*/*;q=0.8',
  'user-agent' => 'Mozilla/5.0 (Windows NT 6.1; WOW64) AppleWebKit/537.36 (KHTML, like Gecko) Chrome/71.0.3578.98 Safari/537.36',
  'upgrade-insecure-requests' => '1',
  'connection' => 'close',
  'host' => 'www.api.com',
)
[ info ] [ PARAM ] array (
)
[ info ] [ RUN ] app\wiki\controller\Index->index[ D:\phpStudy\PHPTutorial\WWW\ApiAdmin\application\wiki\controller\Index.php ]
[ info ] [ SESSION ] INIT array (
  'id' => '',
  'var_session_id' => '',
  'prefix' => 'think',
  'type' => '',
  'auto_start' => true,
)
[ info ] [ DB ] INIT mysql
[ info ] [ VIEW ] D:\phpStudy\PHPTutorial\WWW\ApiAdmin\public/../application/wiki\view\index\index.html [ array (
  0 => 'groupInfo',
  1 => 'appInfo',
) ]
[ info ] [ LOG ] INIT File
[ sql ] [ DB ] CONNECT:[ UseTime:0.010000s ] mysql:host=127.0.0.1;dbname=apiadmin;charset=utf8
[ sql ] [ SQL ] SHOW COLUMNS FROM `admin_group` [ RunTime:0.025002s ]
[ sql ] [ SQL ] SELECT * FROM `admin_group` [ RunTime:0.001000s ]
[ sql ] [ SQL ] SHOW COLUMNS FROM `admin_app` [ RunTime:0.026001s ]
[ sql ] [ SQL ] SELECT * FROM `admin_app` WHERE  `app_id` = '75302426' LIMIT 1 [ RunTime:0.000000s ]
---------------------------------------------------------------
[ 2019-01-20T09:59:10+08:00 ] 127.0.0.1 GET www.api.com/wiki/errorCode.html
[运行时间：0.113006s] [吞吐率：8.85req/s] [内存消耗：1,604.36kb] [文件加载：40]
[ info ] [ LANG ] D:\phpStudy\PHPTutorial\WWW\ApiAdmin\thinkphp\lang\zh-cn.php
[ info ] [ ROUTE ] array (
  'type' => 'module',
  'module' => 
  array (
    0 => 'wiki',
    1 => 'index',
    2 => 'errorCode',
  ),
  'convert' => false,
)
[ info ] [ HEADER ] array (
  'cookie' => 'PHPSESSID=hlmiehdhjlcbongs3ulmdk6cj7',
  'accept-language' => 'zh-CN,zh;q=0.9',
  'accept-encoding' => 'gzip, deflate',
  'referer' => 'http://www.api.com/wiki/index.html',
  'accept' => 'text/html,application/xhtml+xml,application/xml;q=0.9,image/webp,image/apng,*/*;q=0.8',
  'user-agent' => 'Mozilla/5.0 (Windows NT 6.1; WOW64) AppleWebKit/537.36 (KHTML, like Gecko) Chrome/71.0.3578.98 Safari/537.36',
  'upgrade-insecure-requests' => '1',
  'connection' => 'close',
  'host' => 'www.api.com',
)
[ info ] [ PARAM ] array (
)
[ info ] [ RUN ] app\wiki\controller\Index->errorCode[ D:\phpStudy\PHPTutorial\WWW\ApiAdmin\application\wiki\controller\Index.php ]
[ info ] [ SESSION ] INIT array (
  'id' => '',
  'var_session_id' => '',
  'prefix' => 'think',
  'type' => '',
  'auto_start' => true,
)
[ info ] [ VIEW ] D:\phpStudy\PHPTutorial\WWW\ApiAdmin\public/../application/wiki\view\index\error_code.html [ array (
  0 => 'errorInfo',
  1 => 'codeArr',
) ]
[ info ] [ LOG ] INIT File
---------------------------------------------------------------
[ 2019-01-20T09:59:15+08:00 ] 127.0.0.1 GET www.api.com/wiki/index.html
[运行时间：0.113007s] [吞吐率：8.85req/s] [内存消耗：2,806.14kb] [文件加载：51]
[ info ] [ LANG ] D:\phpStudy\PHPTutorial\WWW\ApiAdmin\thinkphp\lang\zh-cn.php
[ info ] [ ROUTE ] array (
  'type' => 'module',
  'module' => 
  array (
    0 => 'wiki',
    1 => 'index',
    2 => 'index',
  ),
  'convert' => false,
)
[ info ] [ HEADER ] array (
  'cookie' => 'PHPSESSID=hlmiehdhjlcbongs3ulmdk6cj7',
  'accept-language' => 'zh-CN,zh;q=0.9',
  'accept-encoding' => 'gzip, deflate',
  'referer' => 'http://www.api.com/wiki/errorCode.html',
  'accept' => 'text/html,application/xhtml+xml,application/xml;q=0.9,image/webp,image/apng,*/*;q=0.8',
  'user-agent' => 'Mozilla/5.0 (Windows NT 6.1; WOW64) AppleWebKit/537.36 (KHTML, like Gecko) Chrome/71.0.3578.98 Safari/537.36',
  'upgrade-insecure-requests' => '1',
  'connection' => 'close',
  'host' => 'www.api.com',
)
[ info ] [ PARAM ] array (
)
[ info ] [ RUN ] app\wiki\controller\Index->index[ D:\phpStudy\PHPTutorial\WWW\ApiAdmin\application\wiki\controller\Index.php ]
[ info ] [ SESSION ] INIT array (
  'id' => '',
  'var_session_id' => '',
  'prefix' => 'think',
  'type' => '',
  'auto_start' => true,
)
[ info ] [ DB ] INIT mysql
[ info ] [ VIEW ] D:\phpStudy\PHPTutorial\WWW\ApiAdmin\public/../application/wiki\view\index\index.html [ array (
  0 => 'groupInfo',
  1 => 'appInfo',
) ]
[ info ] [ LOG ] INIT File
[ sql ] [ DB ] CONNECT:[ UseTime:0.001000s ] mysql:host=127.0.0.1;dbname=apiadmin;charset=utf8
[ sql ] [ SQL ] SHOW COLUMNS FROM `admin_group` [ RunTime:0.028001s ]
[ sql ] [ SQL ] SELECT * FROM `admin_group` [ RunTime:0.001001s ]
[ sql ] [ SQL ] SHOW COLUMNS FROM `admin_app` [ RunTime:0.026001s ]
[ sql ] [ SQL ] SELECT * FROM `admin_app` WHERE  `app_id` = '75302426' LIMIT 1 [ RunTime:0.001000s ]
---------------------------------------------------------------
[ 2019-01-20T09:59:17+08:00 ] 127.0.0.1 GET www.api.com/wiki/errorCode.html
[运行时间：0.038002s] [吞吐率：26.31req/s] [内存消耗：1,604.36kb] [文件加载：40]
[ info ] [ LANG ] D:\phpStudy\PHPTutorial\WWW\ApiAdmin\thinkphp\lang\zh-cn.php
[ info ] [ ROUTE ] array (
  'type' => 'module',
  'module' => 
  array (
    0 => 'wiki',
    1 => 'index',
    2 => 'errorCode',
  ),
  'convert' => false,
)
[ info ] [ HEADER ] array (
  'cookie' => 'PHPSESSID=hlmiehdhjlcbongs3ulmdk6cj7',
  'accept-language' => 'zh-CN,zh;q=0.9',
  'accept-encoding' => 'gzip, deflate',
  'referer' => 'http://www.api.com/wiki/index.html',
  'accept' => 'text/html,application/xhtml+xml,application/xml;q=0.9,image/webp,image/apng,*/*;q=0.8',
  'user-agent' => 'Mozilla/5.0 (Windows NT 6.1; WOW64) AppleWebKit/537.36 (KHTML, like Gecko) Chrome/71.0.3578.98 Safari/537.36',
  'upgrade-insecure-requests' => '1',
  'connection' => 'close',
  'host' => 'www.api.com',
)
[ info ] [ PARAM ] array (
)
[ info ] [ RUN ] app\wiki\controller\Index->errorCode[ D:\phpStudy\PHPTutorial\WWW\ApiAdmin\application\wiki\controller\Index.php ]
[ info ] [ SESSION ] INIT array (
  'id' => '',
  'var_session_id' => '',
  'prefix' => 'think',
  'type' => '',
  'auto_start' => true,
)
[ info ] [ VIEW ] D:\phpStudy\PHPTutorial\WWW\ApiAdmin\public/../application/wiki\view\index\error_code.html [ array (
  0 => 'errorInfo',
  1 => 'codeArr',
) ]
[ info ] [ LOG ] INIT File
---------------------------------------------------------------
[ 2019-01-20T09:59:19+08:00 ] 127.0.0.1 GET www.api.com/api
[运行时间：0.039002s] [吞吐率：25.64req/s] [内存消耗：1,640.02kb] [文件加载：44]
[ info ] [ LANG ] D:\phpStudy\PHPTutorial\WWW\ApiAdmin\thinkphp\lang\zh-cn.php
[ info ] [ ROUTE ] array (
  'type' => 'module',
  'module' => 
  array (
    0 => 'api',
    1 => 'Miss',
    2 => 'index',
  ),
  'convert' => false,
)
[ info ] [ HEADER ] array (
  'cookie' => 'PHPSESSID=hlmiehdhjlcbongs3ulmdk6cj7',
  'accept-language' => 'zh-CN,zh;q=0.9',
  'accept-encoding' => 'gzip, deflate',
  'accept' => 'text/html,application/xhtml+xml,application/xml;q=0.9,image/webp,image/apng,*/*;q=0.8',
  'user-agent' => 'Mozilla/5.0 (Windows NT 6.1; WOW64) AppleWebKit/537.36 (KHTML, like Gecko) Chrome/71.0.3578.98 Safari/537.36',
  'upgrade-insecure-requests' => '1',
  'purpose' => 'prefetch',
  'connection' => 'close',
  'host' => 'www.api.com',
)
[ info ] [ PARAM ] array (
)
[ info ] [ RUN ] app\api\controller\Miss->index[ D:\phpStudy\PHPTutorial\WWW\ApiAdmin\application\api\controller\Miss.php ]
[ info ] [ BEHAVIOR ] Run app\api\behavior\BuildResponse @response_send [ RunTime:0.002000s ]
[ info ] [ LOG ] INIT File
